<?xml version="1.0" encoding="UTF-8"?>
<!-- Generated by org.testng.reporters.JUnitReportReporter -->
<testsuite skipped="0" hostname="KRISH" name="Amazon.Orders.TestOne" tests="1" failures="0" timestamp="2020-06-03T18:05:41 EDT" time="18.519" errors="0">
  <testcase name="HomePage" time="18.519" classname="Amazon.Orders.TestOne"/>
  <system-out/>
</testsuite> <!-- Amazon.Orders.TestOne -->
